1654952957153	geckodriver	INFO	Listening on 127.0.0.1:64720
1654952960205	mozrunner::runner	INFO	Running command: "C:\\Program Files\\Mozilla Firefox\\firefox.exe" "--marionette" "--headless" "--incognito" "--remote-debugging-port" "64721" "--remote-allow-hosts" "localhost" "-no-remote" "-profile" "C:\\Users\\prith\\AppData\\Local\\Temp\\rust_mozprofilevgEx94"
*** You are running in headless mode.
1654952960555	Marionette	INFO	Marionette enabled
WebDriver BiDi listening on ws://localhost:64721
[GFX1-]: RenderCompositorSWGL failed mapping default framebuffer, no dt
console.warn: SearchSettings: "get: No settings file exists, new profile?" (new NotFoundError("Could not open the file at C:\\Users\\prith\\AppData\\Local\\Temp\\rust_mozprofilevgEx94\\search.json.mozlz4", (void 0)))
1654952961600	Marionette	INFO	Listening on port 64745
Read port: 64745
DevTools listening on ws://localhost:64721/devtools/browser/e0bdd42a-a693-42ca-a90b-ef0c305ce19d
1654952961660	RemoteAgent	WARN	TLS certificate errors will be ignored for this session
JavaScript warning: https://pagead2.googlesyndication.com/bg/0A402iRY5hLk7vfRuKaxnQONXP61muIeBT4Iz070aFY.js line 2 > eval line 4351 > eval line 1 > eval line 1 > eval, line 1: WEBGL_debug_renderer_info is deprecated in Firefox and will be removed. Please use RENDERER.
JavaScript warning: https://pagead2.googlesyndication.com/bg/0A402iRY5hLk7vfRuKaxnQONXP61muIeBT4Iz070aFY.js line 2 > eval line 3794 > eval line 1 > eval line 1 > eval, line 1: WEBGL_debug_renderer_info is deprecated in Firefox and will be removed. Please use RENDERER.
JavaScript warning: https://pagead2.googlesyndication.com/bg/0A402iRY5hLk7vfRuKaxnQONXP61muIeBT4Iz070aFY.js line 2 > eval line 3291 > eval line 1 > eval line 1 > eval, line 1: WEBGL_debug_renderer_info is deprecated in Firefox and will be removed. Please use RENDERER.
JavaScript warning: https://pagead2.googlesyndication.com/bg/0A402iRY5hLk7vfRuKaxnQONXP61muIeBT4Iz070aFY.js line 2 > eval line 1736 > eval line 1 > eval line 1 > eval, line 1: WEBGL_debug_renderer_info is deprecated in Firefox and will be removed. Please use RENDERER.
JavaScript warning: https://pagead2.googlesyndication.com/bg/0A402iRY5hLk7vfRuKaxnQONXP61muIeBT4Iz070aFY.js line 2 > eval line 2504 > eval line 1 > eval line 1 > eval, line 1: WEBGL_debug_renderer_info is deprecated in Firefox and will be removed. Please use RENDERER.
JavaScript warning: https://pagead2.googlesyndication.com/bg/0A402iRY5hLk7vfRuKaxnQONXP61muIeBT4Iz070aFY.js line 2 > eval line 6475 > eval line 1 > eval line 1 > eval, line 1: WEBGL_debug_renderer_info is deprecated in Firefox and will be removed. Please use RENDERER.
JavaScript warning: https://pagead2.googlesyndication.com/bg/0A402iRY5hLk7vfRuKaxnQONXP61muIeBT4Iz070aFY.js line 2 > eval line 2076 > eval line 1 > eval line 1 > eval, line 1: WEBGL_debug_renderer_info is deprecated in Firefox and will be removed. Please use RENDERER.
JavaScript warning: https://pagead2.googlesyndication.com/bg/0A402iRY5hLk7vfRuKaxnQONXP61muIeBT4Iz070aFY.js line 2 > eval line 3651 > eval line 1 > eval line 1 > eval, line 1: WEBGL_debug_renderer_info is deprecated in Firefox and will be removed. Please use RENDERER.
JavaScript warning: https://pagead2.googlesyndication.com/bg/0A402iRY5hLk7vfRuKaxnQONXP61muIeBT4Iz070aFY.js line 2 > eval line 3907 > eval line 1 > eval line 1 > eval, line 1: WEBGL_debug_renderer_info is deprecated in Firefox and will be removed. Please use RENDERER.
1654953242091	geckodriver	INFO	Listening on 127.0.0.1:65046
1654953245157	mozrunner::runner	INFO	Running command: "C:\\Program Files\\Mozilla Firefox\\firefox.exe" "--marionette" "--headless" "--incognito" "--remote-debugging-port" "65047" "--remote-allow-hosts" "localhost" "-no-remote" "-profile" "C:\\Users\\prith\\AppData\\Local\\Temp\\rust_mozprofileuUSh2h"
*** You are running in headless mode.
1654953245470	Marionette	INFO	Marionette enabled
WebDriver BiDi listening on ws://localhost:65047
[GFX1-]: RenderCompositorSWGL failed mapping default framebuffer, no dt
console.warn: SearchSettings: "get: No settings file exists, new profile?" (new NotFoundError("Could not open the file at C:\\Users\\prith\\AppData\\Local\\Temp\\rust_mozprofileuUSh2h\\search.json.mozlz4", (void 0)))
1654953246362	Marionette	INFO	Listening on port 65068
DevTools listening on ws://localhost:65047/devtools/browser/fae2546d-3d13-41e6-8858-99ecace437ea
Read port: 65068
1654953246482	RemoteAgent	WARN	TLS certificate errors will be ignored for this session
JavaScript warning: https://pagead2.googlesyndication.com/bg/0A402iRY5hLk7vfRuKaxnQONXP61muIeBT4Iz070aFY.js line 2 > eval line 13 > eval line 1 > eval line 1 > eval, line 1: WEBGL_debug_renderer_info is deprecated in Firefox and will be removed. Please use RENDERER.
JavaScript warning: https://pagead2.googlesyndication.com/bg/0A402iRY5hLk7vfRuKaxnQONXP61muIeBT4Iz070aFY.js line 2 > eval line 7389 > eval line 1 > eval line 1 > eval, line 1: WEBGL_debug_renderer_info is deprecated in Firefox and will be removed. Please use RENDERER.
JavaScript warning: https://pagead2.googlesyndication.com/bg/0A402iRY5hLk7vfRuKaxnQONXP61muIeBT4Iz070aFY.js line 2 > eval line 7411 > eval line 1 > eval line 1 > eval, line 1: WEBGL_debug_renderer_info is deprecated in Firefox and will be removed. Please use RENDERER.
JavaScript warning: https://pagead2.googlesyndication.com/bg/0A402iRY5hLk7vfRuKaxnQONXP61muIeBT4Iz070aFY.js line 2 > eval line 5713 > eval line 1 > eval line 1 > eval, line 1: WEBGL_debug_renderer_info is deprecated in Firefox and will be removed. Please use RENDERER.
JavaScript warning: https://pagead2.googlesyndication.com/bg/0A402iRY5hLk7vfRuKaxnQONXP61muIeBT4Iz070aFY.js line 2 > eval line 4576 > eval line 1 > eval line 1 > eval, line 1: WEBGL_debug_renderer_info is deprecated in Firefox and will be removed. Please use RENDERER.
JavaScript warning: https://pagead2.googlesyndication.com/bg/0A402iRY5hLk7vfRuKaxnQONXP61muIeBT4Iz070aFY.js line 2 > eval line 4990 > eval line 1 > eval line 1 > eval, line 1: WEBGL_debug_renderer_info is deprecated in Firefox and will be removed. Please use RENDERER.
JavaScript warning: https://pagead2.googlesyndication.com/bg/0A402iRY5hLk7vfRuKaxnQONXP61muIeBT4Iz070aFY.js line 2 > eval line 4829 > eval line 1 > eval line 1 > eval, line 1: WEBGL_debug_renderer_info is deprecated in Firefox and will be removed. Please use RENDERER.
JavaScript error: resource://gre/actors/ContentMetaChild.jsm, line 179: InvalidStateError: JSWindowActorChild.sendAsyncMessage: JSWindowActorChild cannot send at the moment
JavaScript warning: https://pagead2.googlesyndication.com/bg/0A402iRY5hLk7vfRuKaxnQONXP61muIeBT4Iz070aFY.js line 2 > eval line 4320 > eval line 1 > eval line 1 > eval, line 1: WEBGL_debug_renderer_info is deprecated in Firefox and will be removed. Please use RENDERER.
JavaScript warning: https://pagead2.googlesyndication.com/bg/0A402iRY5hLk7vfRuKaxnQONXP61muIeBT4Iz070aFY.js line 2 > eval line 4135 > eval line 1 > eval line 1 > eval, line 1: WEBGL_debug_renderer_info is deprecated in Firefox and will be removed. Please use RENDERER.
JavaScript warning: https://pagead2.googlesyndication.com/bg/0A402iRY5hLk7vfRuKaxnQONXP61muIeBT4Iz070aFY.js line 2 > eval line 4588 > eval line 1 > eval line 1 > eval, line 1: WEBGL_debug_renderer_info is deprecated in Firefox and will be removed. Please use RENDERER.
JavaScript warning: https://pagead2.googlesyndication.com/bg/0A402iRY5hLk7vfRuKaxnQONXP61muIeBT4Iz070aFY.js line 2 > eval line 2812 > eval line 1 > eval line 1 > eval, line 1: WEBGL_debug_renderer_info is deprecated in Firefox and will be removed. Please use RENDERER.
JavaScript warning: https://www.naukri.com/BnG9v3/Rm/IR/tzGC/Obx4P-WnSo/XEaf4czfEk/LwkITClvAg/PF/gFVE5BcGA, line 1: WEBGL_debug_renderer_info is deprecated in Firefox and will be removed. Please use RENDERER.
1655021280198	geckodriver	INFO	Listening on 127.0.0.1:50291
1655021281208	mozrunner::runner	INFO	Running command: "/usr/bin/firefox" "--marionette" "--headless" "--incognito" "-foreground" "-no-remote" "-profile" "/tmp/rust_mozprofileEuJYCK"
*** You are running in headless mode.
1655021281707	Marionette	INFO	Marionette enabled
[GFX1-]: RenderCompositorSWGL failed mapping default framebuffer, no dt
console.warn: SearchSettings: "get: No settings file exists, new profile?" (new NotFoundError("Could not open the file at /tmp/rust_mozprofileEuJYCK/search.json.mozlz4", (void 0)))
1655021282669	Marionette	INFO	Listening on port 33845
1655021282726	RemoteAgent	WARN	TLS certificate errors will be ignored for this session
JavaScript warning: https://www.naukri.com/B_fQdAEGy5lSJIduKMuC/EYGiwSVX/Awo7OlkB/VVcecxwO/XQk, line 1: WEBGL_debug_renderer_info is deprecated in Firefox and will be removed. Please use RENDERER.
Exiting due to channel error.
Exiting due to channel error.
Exiting due to channel error.
Exiting due to channel error.
Exiting due to channel error.
Exiting due to channel error.
1655021315247	geckodriver	INFO	Listening on 127.0.0.1:48301
1655021315251	mozrunner::runner	INFO	Running command: "/usr/bin/firefox" "--marionette" "--incognito" "-foreground" "-no-remote" "-profile" "/tmp/rust_mozprofileHnIagm"
1655021316008	Marionette	INFO	Marionette enabled
console.warn: SearchSettings: "get: No settings file exists, new profile?" (new NotFoundError("Could not open the file at /tmp/rust_mozprofileHnIagm/search.json.mozlz4", (void 0)))
1655021317248	Marionette	INFO	Listening on port 33687
1655021317269	RemoteAgent	WARN	TLS certificate errors will be ignored for this session
JavaScript warning: https://pagead2.googlesyndication.com/bg/fitY9DN5Eb8XnEderF92e3R8KkCh_qe_gU10Y1cTXMc.js line 2 > eval line 6472 > eval line 1 > eval line 1 > eval, line 1: WEBGL_debug_renderer_info is deprecated in Firefox and will be removed. Please use RENDERER.
JavaScript error: , line 0: TypeError: NetworkError when attempting to fetch resource.
JavaScript error: , line 0: TypeError: NetworkError when attempting to fetch resource.
Exiting due to channel error.
Exiting due to channel error.
Exiting due to channel error.
Exiting due to channel error.
Exiting due to channel error.
1655021329343	geckodriver	INFO	Listening on 127.0.0.1:44411
1655021329346	mozrunner::runner	INFO	Running command: "/usr/bin/firefox" "--marionette" "--headless" "--incognito" "-foreground" "-no-remote" "-profile" "/tmp/rust_mozprofilehHU5dJ"
*** You are running in headless mode.
1655021329794	Marionette	INFO	Marionette enabled
[GFX1-]: RenderCompositorSWGL failed mapping default framebuffer, no dt
console.warn: SearchSettings: "get: No settings file exists, new profile?" (new NotFoundError("Could not open the file at /tmp/rust_mozprofilehHU5dJ/search.json.mozlz4", (void 0)))
1655021330761	Marionette	INFO	Listening on port 38213
1655021330860	RemoteAgent	WARN	TLS certificate errors will be ignored for this session
JavaScript warning: https://www.naukri.com/B_fQdAEGy5lSJIduKMuC/EYGiwSVX/Awo7OlkB/VVcecxwO/XQk, line 1: WEBGL_debug_renderer_info is deprecated in Firefox and will be removed. Please use RENDERER.
JavaScript warning: https://www.naukri.com/B_fQdAEGy5lSJIduKMuC/EYGiwSVX/Awo7OlkB/VVcecxwO/XQk, line 1: WEBGL_debug_renderer_info is deprecated in Firefox and will be removed. Please use RENDERER.
JavaScript error: , line 0: uncaught exception: undefined
JavaScript error: , line 0: TypeError: NetworkError when attempting to fetch resource.
JavaScript warning: https://www.naukri.com/B_fQdAEGy5lSJIduKMuC/EYGiwSVX/Awo7OlkB/VVcecxwO/XQk, line 1: WEBGL_debug_renderer_info is deprecated in Firefox and will be removed. Please use RENDERER.
JavaScript warning: https://www.naukri.com/B_fQdAEGy5lSJIduKMuC/EYGiwSVX/Awo7OlkB/VVcecxwO/XQk, line 1: WEBGL_debug_renderer_info is deprecated in Firefox and will be removed. Please use RENDERER.
JavaScript error: , line 0: TypeError: NetworkError when attempting to fetch resource.
JavaScript warning: https://www.naukri.com/B_fQdAEGy5lSJIduKMuC/EYGiwSVX/Awo7OlkB/VVcecxwO/XQk, line 1: WEBGL_debug_renderer_info is deprecated in Firefox and will be removed. Please use RENDERER.
JavaScript warning: https://www.naukri.com/B_fQdAEGy5lSJIduKMuC/EYGiwSVX/Awo7OlkB/VVcecxwO/XQk, line 1: WEBGL_debug_renderer_info is deprecated in Firefox and will be removed. Please use RENDERER.
JavaScript warning: https://www.naukri.com/B_fQdAEGy5lSJIduKMuC/EYGiwSVX/Awo7OlkB/VVcecxwO/XQk, line 1: WEBGL_debug_renderer_info is deprecated in Firefox and will be removed. Please use RENDERER.
Exiting due to channel error.
Exiting due to channel error.
Exiting due to channel error.
Exiting due to channel error.
Exiting due to channel error.
1655021565712	geckodriver	INFO	Listening on 127.0.0.1:49357
1655021565716	mozrunner::runner	INFO	Running command: "/usr/bin/firefox" "--marionette" "--incognito" "-foreground" "-no-remote" "-profile" "/tmp/rust_mozprofilenqTGln"
1655021566539	Marionette	INFO	Marionette enabled
console.warn: SearchSettings: "get: No settings file exists, new profile?" (new NotFoundError("Could not open the file at /tmp/rust_mozprofilenqTGln/search.json.mozlz4", (void 0)))
1655021567706	Marionette	INFO	Listening on port 39723
1655021567732	RemoteAgent	WARN	TLS certificate errors will be ignored for this session
JavaScript error: https://static.naukimg.com/s/7/121/j/main.60db9ee4.min.js, line 1: ChunkLoadError: Loading chunk 25 failed.
(error: https://static.naukri.com/s/7/121/j/nlAdd.cf3c62e0.min.js)
JavaScript warning: https://pagead2.googlesyndication.com/bg/fitY9DN5Eb8XnEderF92e3R8KkCh_qe_gU10Y1cTXMc.js line 2 > eval line 7051 > eval line 1 > eval line 1 > eval, line 1: WEBGL_debug_renderer_info is deprecated in Firefox and will be removed. Please use RENDERER.
JavaScript warning: https://pagead2.googlesyndication.com/bg/fitY9DN5Eb8XnEderF92e3R8KkCh_qe_gU10Y1cTXMc.js line 2 > eval line 4474 > eval line 1 > eval line 1 > eval, line 1: WEBGL_debug_renderer_info is deprecated in Firefox and will be removed. Please use RENDERER.
JavaScript warning: https://pagead2.googlesyndication.com/bg/fitY9DN5Eb8XnEderF92e3R8KkCh_qe_gU10Y1cTXMc.js line 2 > eval line 7279 > eval line 1 > eval line 1 > eval, line 1: WEBGL_debug_renderer_info is deprecated in Firefox and will be removed. Please use RENDERER.
JavaScript warning: https://pagead2.googlesyndication.com/bg/fitY9DN5Eb8XnEderF92e3R8KkCh_qe_gU10Y1cTXMc.js line 2 > eval line 6335 > eval line 1 > eval line 1 > eval, line 1: WEBGL_debug_renderer_info is deprecated in Firefox and will be removed. Please use RENDERER.
JavaScript warning: https://pagead2.googlesyndication.com/bg/fitY9DN5Eb8XnEderF92e3R8KkCh_qe_gU10Y1cTXMc.js line 2 > eval line 6219 > eval line 1 > eval line 1 > eval, line 1: WEBGL_debug_renderer_info is deprecated in Firefox and will be removed. Please use RENDERER.
Exiting due to channel error.
Exiting due to channel error.
Exiting due to channel error.
Exiting due to channel error.

###!!! [Child][PCompositorManagerChild] Error: Send(msgname=SHMEM_CREATED_MESSAGE) Channel error: cannot send/recv

Exiting due to channel error.
1655021830861	geckodriver	INFO	Listening on 127.0.0.1:34861
1655021830864	mozrunner::runner	INFO	Running command: "/usr/bin/firefox" "--marionette" "--incognito" "-foreground" "-no-remote" "-profile" "/tmp/rust_mozprofileTySTYF"
1655021831654	Marionette	INFO	Marionette enabled
console.warn: SearchSettings: "get: No settings file exists, new profile?" (new NotFoundError("Could not open the file at /tmp/rust_mozprofileTySTYF/search.json.mozlz4", (void 0)))
1655021832729	Marionette	INFO	Listening on port 34221
1655021832780	RemoteAgent	WARN	TLS certificate errors will be ignored for this session
JavaScript warning: https://pagead2.googlesyndication.com/bg/fitY9DN5Eb8XnEderF92e3R8KkCh_qe_gU10Y1cTXMc.js line 2 > eval line 6424 > eval line 1 > eval line 1 > eval, line 1: WEBGL_debug_renderer_info is deprecated in Firefox and will be removed. Please use RENDERER.
Exiting due to channel error.
Exiting due to channel error.
Exiting due to channel error.
Exiting due to channel error.
Exiting due to channel error.
1655021898856	geckodriver	INFO	Listening on 127.0.0.1:44319
1655021898860	mozrunner::runner	INFO	Running command: "/usr/bin/firefox" "--marionette" "--incognito" "-foreground" "-no-remote" "-profile" "/tmp/rust_mozprofile0Sr66Y"
1655021899634	Marionette	INFO	Marionette enabled
console.warn: SearchSettings: "get: No settings file exists, new profile?" (new NotFoundError("Could not open the file at /tmp/rust_mozprofile0Sr66Y/search.json.mozlz4", (void 0)))
1655021900841	Marionette	INFO	Listening on port 43123
1655021900881	RemoteAgent	WARN	TLS certificate errors will be ignored for this session
JavaScript error: , line 0: TypeError: NetworkError when attempting to fetch resource.
JavaScript error: , line 0: TypeError: NetworkError when attempting to fetch resource.
JavaScript error: https://static.naukimg.com/s/7/121/j/main.60db9ee4.min.js, line 1: ChunkLoadError: Loading chunk 25 failed.
(error: https://static.naukri.com/s/7/121/j/nlAdd.cf3c62e0.min.js)
JavaScript error: , line 0: TypeError: NetworkError when attempting to fetch resource.
JavaScript warning: https://pagead2.googlesyndication.com/bg/fitY9DN5Eb8XnEderF92e3R8KkCh_qe_gU10Y1cTXMc.js line 2 > eval line 111 > eval line 1 > eval line 1 > eval, line 1: WEBGL_debug_renderer_info is deprecated in Firefox and will be removed. Please use RENDERER.
JavaScript error: , line 0: TypeError: NetworkError when attempting to fetch resource.
JavaScript warning: https://pagead2.googlesyndication.com/bg/fitY9DN5Eb8XnEderF92e3R8KkCh_qe_gU10Y1cTXMc.js line 2 > eval line 2234 > eval line 1 > eval line 1 > eval, line 1: WEBGL_debug_renderer_info is deprecated in Firefox and will be removed. Please use RENDERER.
JavaScript error: , line 0: TypeError: NetworkError when attempting to fetch resource.
JavaScript error: , line 0: TypeError: NetworkError when attempting to fetch resource.
Exiting due to channel error.
Exiting due to channel error.
Exiting due to channel error.
Exiting due to channel error.
Exiting due to channel error.
1655021957601	geckodriver	INFO	Listening on 127.0.0.1:38311
1655021957605	mozrunner::runner	INFO	Running command: "/usr/bin/firefox" "--marionette" "--headless" "--incognito" "-foreground" "-no-remote" "-profile" "/tmp/rust_mozprofile3G1YpG"
*** You are running in headless mode.
1655021958016	Marionette	INFO	Marionette enabled
[GFX1-]: RenderCompositorSWGL failed mapping default framebuffer, no dt
console.warn: SearchSettings: "get: No settings file exists, new profile?" (new NotFoundError("Could not open the file at /tmp/rust_mozprofile3G1YpG/search.json.mozlz4", (void 0)))
1655021959008	Marionette	INFO	Listening on port 36819
1655021959119	RemoteAgent	WARN	TLS certificate errors will be ignored for this session
JavaScript warning: https://www.naukri.com/B_fQdAEGy5lSJIduKMuC/EYGiwSVX/Awo7OlkB/VVcecxwO/XQk, line 1: WEBGL_debug_renderer_info is deprecated in Firefox and will be removed. Please use RENDERER.
Exiting due to channel error.
Exiting due to channel error.
Exiting due to channel error.
Exiting due to channel error.
Exiting due to channel error.
Exiting due to channel error.
1655021981957	geckodriver	INFO	Listening on 127.0.0.1:47553
1655021981961	mozrunner::runner	INFO	Running command: "/usr/bin/firefox" "--marionette" "--incognito" "-foreground" "-no-remote" "-profile" "/tmp/rust_mozprofileddpHuU"
1655021982762	Marionette	INFO	Marionette enabled
console.warn: SearchSettings: "get: No settings file exists, new profile?" (new NotFoundError("Could not open the file at /tmp/rust_mozprofileddpHuU/search.json.mozlz4", (void 0)))
1655021983846	Marionette	INFO	Listening on port 46509
1655021983879	RemoteAgent	WARN	TLS certificate errors will be ignored for this session
JavaScript error: , line 0: TypeError: NetworkError when attempting to fetch resource.
JavaScript error: , line 0: uncaught exception: undefined
JavaScript error: , line 0: TypeError: NetworkError when attempting to fetch resource.
JavaScript warning: https://www.naukri.com/B_fQdAEGy5lSJIduKMuC/EYGiwSVX/Awo7OlkB/VVcecxwO/XQk, line 1: WEBGL_debug_renderer_info is deprecated in Firefox and will be removed. Please use RENDERER.
JavaScript error: , line 0: TypeError: NetworkError when attempting to fetch resource.
JavaScript warning: https://www.naukri.com/B_fQdAEGy5lSJIduKMuC/EYGiwSVX/Awo7OlkB/VVcecxwO/XQk, line 1: WEBGL_debug_renderer_info is deprecated in Firefox and will be removed. Please use RENDERER.
JavaScript error: , line 0: TypeError: NetworkError when attempting to fetch resource.
JavaScript warning: https://www.naukri.com/B_fQdAEGy5lSJIduKMuC/EYGiwSVX/Awo7OlkB/VVcecxwO/XQk, line 1: WEBGL_debug_renderer_info is deprecated in Firefox and will be removed. Please use RENDERER.
JavaScript warning: https://www.naukri.com/B_fQdAEGy5lSJIduKMuC/EYGiwSVX/Awo7OlkB/VVcecxwO/XQk, line 1: WEBGL_debug_renderer_info is deprecated in Firefox and will be removed. Please use RENDERER.
JavaScript warning: https://www.naukri.com/B_fQdAEGy5lSJIduKMuC/EYGiwSVX/Awo7OlkB/VVcecxwO/XQk, line 1: WEBGL_debug_renderer_info is deprecated in Firefox and will be removed. Please use RENDERER.
JavaScript error: , line 0: uncaught exception: undefined
JavaScript error: , line 0: TypeError: NetworkError when attempting to fetch resource.
JavaScript warning: https://pagead2.googlesyndication.com/bg/fitY9DN5Eb8XnEderF92e3R8KkCh_qe_gU10Y1cTXMc.js line 2 > eval line 7248 > eval line 1 > eval line 1 > eval, line 1: WEBGL_debug_renderer_info is deprecated in Firefox and will be removed. Please use RENDERER.
JavaScript error: , line 0: TypeError: NetworkError when attempting to fetch resource.
JavaScript warning: https://pagead2.googlesyndication.com/bg/fitY9DN5Eb8XnEderF92e3R8KkCh_qe_gU10Y1cTXMc.js line 2 > eval line 4760 > eval line 1 > eval line 1 > eval, line 1: WEBGL_debug_renderer_info is deprecated in Firefox and will be removed. Please use RENDERER.
JavaScript error: , line 0: TypeError: NetworkError when attempting to fetch resource.
JavaScript warning: https://pagead2.googlesyndication.com/bg/fitY9DN5Eb8XnEderF92e3R8KkCh_qe_gU10Y1cTXMc.js line 2 > eval line 4095 > eval line 1 > eval line 1 > eval, line 1: WEBGL_debug_renderer_info is deprecated in Firefox and will be removed. Please use RENDERER.
JavaScript error: , line 0: TypeError: NetworkError when attempting to fetch resource.
JavaScript error: , line 0: TypeError: NetworkError when attempting to fetch resource.
JavaScript warning: https://pagead2.googlesyndication.com/bg/fitY9DN5Eb8XnEderF92e3R8KkCh_qe_gU10Y1cTXMc.js line 2 > eval line 2273 > eval line 1 > eval line 1 > eval, line 1: WEBGL_debug_renderer_info is deprecated in Firefox and will be removed. Please use RENDERER.
JavaScript error: , line 0: TypeError: NetworkError when attempting to fetch resource.
JavaScript error: , line 0: TypeError: NetworkError when attempting to fetch resource.
JavaScript error: , line 0: uncaught exception: undefined
JavaScript warning: https://pagead2.googlesyndication.com/bg/fitY9DN5Eb8XnEderF92e3R8KkCh_qe_gU10Y1cTXMc.js line 2 > eval line 3611 > eval line 1 > eval line 1 > eval, line 1: WEBGL_debug_renderer_info is deprecated in Firefox and will be removed. Please use RENDERER.
JavaScript error: , line 0: TypeError: NetworkError when attempting to fetch resource.
JavaScript warning: https://pagead2.googlesyndication.com/bg/fitY9DN5Eb8XnEderF92e3R8KkCh_qe_gU10Y1cTXMc.js line 2 > eval line 5401 > eval line 1 > eval line 1 > eval, line 1: WEBGL_debug_renderer_info is deprecated in Firefox and will be removed. Please use RENDERER.
JavaScript error: , line 0: TypeError: NetworkError when attempting to fetch resource.
JavaScript warning: https://pagead2.googlesyndication.com/bg/fitY9DN5Eb8XnEderF92e3R8KkCh_qe_gU10Y1cTXMc.js line 2 > eval line 7131 > eval line 1 > eval line 1 > eval, line 1: WEBGL_debug_renderer_info is deprecated in Firefox and will be removed. Please use RENDERER.
JavaScript error: , line 0: TypeError: NetworkError when attempting to fetch resource.
JavaScript warning: https://pagead2.googlesyndication.com/bg/fitY9DN5Eb8XnEderF92e3R8KkCh_qe_gU10Y1cTXMc.js line 2 > eval line 3243 > eval line 1 > eval line 1 > eval, line 1: WEBGL_debug_renderer_info is deprecated in Firefox and will be removed. Please use RENDERER.
JavaScript error: , line 0: TypeError: NetworkError when attempting to fetch resource.
JavaScript error: , line 0: TypeError: NetworkError when attempting to fetch resource.
JavaScript warning: https://pagead2.googlesyndication.com/bg/fitY9DN5Eb8XnEderF92e3R8KkCh_qe_gU10Y1cTXMc.js line 2 > eval line 47 > eval line 1 > eval line 1 > eval, line 1: WEBGL_debug_renderer_info is deprecated in Firefox and will be removed. Please use RENDERER.
JavaScript error: , line 0: TypeError: NetworkError when attempting to fetch resource.
JavaScript error: , line 0: TypeError: NetworkError when attempting to fetch resource.
JavaScript error: , line 0: TypeError: NetworkError when attempting to fetch resource.
JavaScript warning: https://pagead2.googlesyndication.com/bg/fitY9DN5Eb8XnEderF92e3R8KkCh_qe_gU10Y1cTXMc.js line 2 > eval line 2585 > eval line 1 > eval line 1 > eval, line 1: WEBGL_debug_renderer_info is deprecated in Firefox and will be removed. Please use RENDERER.
JavaScript error: , line 0: TypeError: NetworkError when attempting to fetch resource.
JavaScript warning: https://pagead2.googlesyndication.com/bg/fitY9DN5Eb8XnEderF92e3R8KkCh_qe_gU10Y1cTXMc.js line 2 > eval line 2894 > eval line 1 > eval line 1 > eval, line 1: WEBGL_debug_renderer_info is deprecated in Firefox and will be removed. Please use RENDERER.
JavaScript error: , line 0: TypeError: NetworkError when attempting to fetch resource.
JavaScript error: , line 0: TypeError: NetworkError when attempting to fetch resource.
JavaScript warning: https://pagead2.googlesyndication.com/bg/fitY9DN5Eb8XnEderF92e3R8KkCh_qe_gU10Y1cTXMc.js line 2 > eval line 600 > eval line 1 > eval line 1 > eval, line 1: WEBGL_debug_renderer_info is deprecated in Firefox and will be removed. Please use RENDERER.
JavaScript error: , line 0: TypeError: NetworkError when attempting to fetch resource.
JavaScript warning: https://pagead2.googlesyndication.com/bg/fitY9DN5Eb8XnEderF92e3R8KkCh_qe_gU10Y1cTXMc.js line 2 > eval line 6131 > eval line 1 > eval line 1 > eval, line 1: WEBGL_debug_renderer_info is deprecated in Firefox and will be removed. Please use RENDERER.
JavaScript error: , line 0: TypeError: NetworkError when attempting to fetch resource.
JavaScript error: , line 0: TypeError: NetworkError when attempting to fetch resource.
JavaScript warning: https://pagead2.googlesyndication.com/bg/fitY9DN5Eb8XnEderF92e3R8KkCh_qe_gU10Y1cTXMc.js line 2 > eval line 1266 > eval line 1 > eval line 1 > eval, line 1: WEBGL_debug_renderer_info is deprecated in Firefox and will be removed. Please use RENDERER.
JavaScript error: , line 0: TypeError: NetworkError when attempting to fetch resource.
JavaScript error: , line 0: TypeError: NetworkError when attempting to fetch resource.
JavaScript error: , line 0: TypeError: NetworkError when attempting to fetch resource.
JavaScript warning: https://pagead2.googlesyndication.com/bg/fitY9DN5Eb8XnEderF92e3R8KkCh_qe_gU10Y1cTXMc.js line 2 > eval line 4690 > eval line 1 > eval line 1 > eval, line 1: WEBGL_debug_renderer_info is deprecated in Firefox and will be removed. Please use RENDERER.
JavaScript error: , line 0: TypeError: NetworkError when attempting to fetch resource.
JavaScript error: , line 0: TypeError: NetworkError when attempting to fetch resource.
JavaScript warning: https://pagead2.googlesyndication.com/bg/fitY9DN5Eb8XnEderF92e3R8KkCh_qe_gU10Y1cTXMc.js line 2 > eval line 5411 > eval line 1 > eval line 1 > eval, line 1: WEBGL_debug_renderer_info is deprecated in Firefox and will be removed. Please use RENDERER.
JavaScript error: , line 0: TypeError: NetworkError when attempting to fetch resource.
JavaScript error: , line 0: TypeError: NetworkError when attempting to fetch resource.
JavaScript warning: https://www.naukri.com/B_fQdAEGy5lSJIduKMuC/EYGiwSVX/Awo7OlkB/VVcecxwO/XQk, line 1: WEBGL_debug_renderer_info is deprecated in Firefox and will be removed. Please use RENDERER.
1655023887657	geckodriver	INFO	Listening on 127.0.0.1:37611
1655023887661	mozrunner::runner	INFO	Running command: "/usr/bin/firefox" "--marionette" "--incognito" "-foreground" "-no-remote" "-profile" "/tmp/rust_mozprofileO6qDrz"
1655023888484	Marionette	INFO	Marionette enabled
console.warn: SearchSettings: "get: No settings file exists, new profile?" (new NotFoundError("Could not open the file at /tmp/rust_mozprofileO6qDrz/search.json.mozlz4", (void 0)))
1655023889976	Marionette	INFO	Listening on port 46107
1655023890078	RemoteAgent	WARN	TLS certificate errors will be ignored for this session
JavaScript error: , line 0: TypeError: NetworkError when attempting to fetch resource.
JavaScript warning: https://pagead2.googlesyndication.com/bg/fitY9DN5Eb8XnEderF92e3R8KkCh_qe_gU10Y1cTXMc.js line 2 > eval line 6960 > eval line 1 > eval line 1 > eval, line 1: WEBGL_debug_renderer_info is deprecated in Firefox and will be removed. Please use RENDERER.
JavaScript error: , line 0: TypeError: NetworkError when attempting to fetch resource.
Exiting due to channel error.
Exiting due to channel error.
Exiting due to channel error.
Exiting due to channel error.
Exiting due to channel error.
1655023923505	geckodriver	INFO	Listening on 127.0.0.1:41557
1655023923509	mozrunner::runner	INFO	Running command: "/usr/bin/firefox" "--marionette" "--incognito" "-foreground" "-no-remote" "-profile" "/tmp/rust_mozprofile0T1C09"
1655023924310	Marionette	INFO	Marionette enabled
console.warn: SearchSettings: "get: No settings file exists, new profile?" (new NotFoundError("Could not open the file at /tmp/rust_mozprofile0T1C09/search.json.mozlz4", (void 0)))
1655023925384	Marionette	INFO	Listening on port 35171
1655023925427	RemoteAgent	WARN	TLS certificate errors will be ignored for this session
JavaScript warning: https://pagead2.googlesyndication.com/bg/fitY9DN5Eb8XnEderF92e3R8KkCh_qe_gU10Y1cTXMc.js line 2 > eval line 1577 > eval line 1 > eval line 1 > eval, line 1: WEBGL_debug_renderer_info is deprecated in Firefox and will be removed. Please use RENDERER.
JavaScript error: , line 0: TypeError: NetworkError when attempting to fetch resource.
JavaScript error: , line 0: TypeError: NetworkError when attempting to fetch resource.
Exiting due to channel error.
Exiting due to channel error.
Exiting due to channel error.
Exiting due to channel error.
Exiting due to channel error.
1655023942848	geckodriver	INFO	Listening on 127.0.0.1:37099
1655023942852	mozrunner::runner	INFO	Running command: "/usr/bin/firefox" "--marionette" "--incognito" "-foreground" "-no-remote" "-profile" "/tmp/rust_mozprofile8cf7Y7"
1655023943614	Marionette	INFO	Marionette enabled
console.warn: SearchSettings: "get: No settings file exists, new profile?" (new NotFoundError("Could not open the file at /tmp/rust_mozprofile8cf7Y7/search.json.mozlz4", (void 0)))
1655023944694	Marionette	INFO	Listening on port 40253
1655023944770	RemoteAgent	WARN	TLS certificate errors will be ignored for this session
Exiting due to channel error.
Exiting due to channel error.
Exiting due to channel error.
Exiting due to channel error.
Exiting due to channel error.
Exiting due to channel error.
1655023949321	geckodriver	INFO	Listening on 127.0.0.1:55713
1655023949325	mozrunner::runner	INFO	Running command: "/usr/bin/firefox" "--marionette" "--incognito" "-foreground" "-no-remote" "-profile" "/tmp/rust_mozprofileOymk6T"
1655023950176	Marionette	INFO	Marionette enabled
console.warn: SearchSettings: "get: No settings file exists, new profile?" (new NotFoundError("Could not open the file at /tmp/rust_mozprofileOymk6T/search.json.mozlz4", (void 0)))
1655023951198	Marionette	INFO	Listening on port 43475
1655023951243	RemoteAgent	WARN	TLS certificate errors will be ignored for this session
JavaScript warning: https://pagead2.googlesyndication.com/bg/fitY9DN5Eb8XnEderF92e3R8KkCh_qe_gU10Y1cTXMc.js line 2 > eval line 1750 > eval line 1 > eval line 1 > eval, line 1: WEBGL_debug_renderer_info is deprecated in Firefox and will be removed. Please use RENDERER.
JavaScript error: , line 0: TypeError: NetworkError when attempting to fetch resource.
JavaScript error: , line 0: uncaught exception: undefined
JavaScript warning: https://pagead2.googlesyndication.com/bg/fitY9DN5Eb8XnEderF92e3R8KkCh_qe_gU10Y1cTXMc.js line 2 > eval line 2373 > eval line 1 > eval line 1 > eval, line 1: WEBGL_debug_renderer_info is deprecated in Firefox and will be removed. Please use RENDERER.
JavaScript error: , line 0: TypeError: NetworkError when attempting to fetch resource.
JavaScript error: , line 0: TypeError: NetworkError when attempting to fetch resource.
JavaScript warning: https://pagead2.googlesyndication.com/bg/fitY9DN5Eb8XnEderF92e3R8KkCh_qe_gU10Y1cTXMc.js line 2 > eval line 7006 > eval line 1 > eval line 1 > eval, line 1: WEBGL_debug_renderer_info is deprecated in Firefox and will be removed. Please use RENDERER.
JavaScript error: , line 0: TypeError: NetworkError when attempting to fetch resource.
Exiting due to channel error.
Exiting due to channel error.
Exiting due to channel error.
Exiting due to channel error.
Exiting due to channel error.
1655024139155	geckodriver	INFO	Listening on 127.0.0.1:50401
1655024139159	mozrunner::runner	INFO	Running command: "/usr/bin/firefox" "--marionette" "--incognito" "-foreground" "-no-remote" "-profile" "/tmp/rust_mozprofile2aKU04"
1655024139940	Marionette	INFO	Marionette enabled
console.warn: SearchSettings: "get: No settings file exists, new profile?" (new NotFoundError("Could not open the file at /tmp/rust_mozprofile2aKU04/search.json.mozlz4", (void 0)))
1655024140980	Marionette	INFO	Listening on port 38373
1655024141075	RemoteAgent	WARN	TLS certificate errors will be ignored for this session
JavaScript warning: https://pagead2.googlesyndication.com/bg/fitY9DN5Eb8XnEderF92e3R8KkCh_qe_gU10Y1cTXMc.js line 2 > eval line 4203 > eval line 1 > eval line 1 > eval, line 1: WEBGL_debug_renderer_info is deprecated in Firefox and will be removed. Please use RENDERER.
JavaScript error: , line 0: TypeError: NetworkError when attempting to fetch resource.
JavaScript warning: https://pagead2.googlesyndication.com/bg/fitY9DN5Eb8XnEderF92e3R8KkCh_qe_gU10Y1cTXMc.js line 2 > eval line 1063 > eval line 1 > eval line 1 > eval, line 1: WEBGL_debug_renderer_info is deprecated in Firefox and will be removed. Please use RENDERER.
JavaScript error: , line 0: TypeError: NetworkError when attempting to fetch resource.
JavaScript error: , line 0: TypeError: NetworkError when attempting to fetch resource.
JavaScript error: , line 0: TypeError: NetworkError when attempting to fetch resource.
JavaScript warning: https://pagead2.googlesyndication.com/bg/fitY9DN5Eb8XnEderF92e3R8KkCh_qe_gU10Y1cTXMc.js line 2 > eval line 6366 > eval line 1 > eval line 1 > eval, line 1: WEBGL_debug_renderer_info is deprecated in Firefox and will be removed. Please use RENDERER.
JavaScript error: , line 0: TypeError: NetworkError when attempting to fetch resource.
JavaScript warning: https://pagead2.googlesyndication.com/bg/fitY9DN5Eb8XnEderF92e3R8KkCh_qe_gU10Y1cTXMc.js line 2 > eval line 2155 > eval line 1 > eval line 1 > eval, line 1: WEBGL_debug_renderer_info is deprecated in Firefox and will be removed. Please use RENDERER.
JavaScript error: , line 0: TypeError: NetworkError when attempting to fetch resource.
JavaScript error: , line 0: TypeError: NetworkError when attempting to fetch resource.
JavaScript error: , line 0: uncaught exception: undefined
JavaScript warning: https://pagead2.googlesyndication.com/bg/fitY9DN5Eb8XnEderF92e3R8KkCh_qe_gU10Y1cTXMc.js line 2 > eval line 3644 > eval line 1 > eval line 1 > eval, line 1: WEBGL_debug_renderer_info is deprecated in Firefox and will be removed. Please use RENDERER.
JavaScript error: , line 0: TypeError: NetworkError when attempting to fetch resource.

###!!! [Child][PContentChild] Error: Send(msgname=PNecko::Msg_RemoveRequestContext) Channel closing: too late to send/recv, messages will be lost

JavaScript warning: https://pagead2.googlesyndication.com/bg/fitY9DN5Eb8XnEderF92e3R8KkCh_qe_gU10Y1cTXMc.js line 2 > eval line 2903 > eval line 1 > eval line 1 > eval, line 1: WEBGL_debug_renderer_info is deprecated in Firefox and will be removed. Please use RENDERER.
JavaScript error: , line 0: TypeError: NetworkError when attempting to fetch resource.
JavaScript error: , line 0: TypeError: NetworkError when attempting to fetch resource.
JavaScript warning: https://pagead2.googlesyndication.com/bg/fitY9DN5Eb8XnEderF92e3R8KkCh_qe_gU10Y1cTXMc.js line 2 > eval line 1088 > eval line 1 > eval line 1 > eval, line 1: WEBGL_debug_renderer_info is deprecated in Firefox and will be removed. Please use RENDERER.
JavaScript error: , line 0: TypeError: NetworkError when attempting to fetch resource.
JavaScript error: , line 0: TypeError: NetworkError when attempting to fetch resource.
JavaScript warning: https://pagead2.googlesyndication.com/bg/fitY9DN5Eb8XnEderF92e3R8KkCh_qe_gU10Y1cTXMc.js line 2 > eval line 7269 > eval line 1 > eval line 1 > eval, line 1: WEBGL_debug_renderer_info is deprecated in Firefox and will be removed. Please use RENDERER.
JavaScript error: , line 0: TypeError: NetworkError when attempting to fetch resource.
JavaScript error: , line 0: TypeError: NetworkError when attempting to fetch resource.
JavaScript error: , line 0: TypeError: NetworkError when attempting to fetch resource.
JavaScript warning: https://pagead2.googlesyndication.com/bg/fitY9DN5Eb8XnEderF92e3R8KkCh_qe_gU10Y1cTXMc.js line 2 > eval line 1111 > eval line 1 > eval line 1 > eval, line 1: WEBGL_debug_renderer_info is deprecated in Firefox and will be removed. Please use RENDERER.
JavaScript error: , line 0: TypeError: NetworkError when attempting to fetch resource.
JavaScript error: , line 0: TypeError: NetworkError when attempting to fetch resource.
JavaScript error: , line 0: TypeError: NetworkError when attempting to fetch resource.
JavaScript error: , line 0: TypeError: NetworkError when attempting to fetch resource.
JavaScript error: , line 0: TypeError: NetworkError when attempting to fetch resource.
JavaScript error: , line 0: TypeError: NetworkError when attempting to fetch resource.
JavaScript warning: https://pagead2.googlesyndication.com/bg/fitY9DN5Eb8XnEderF92e3R8KkCh_qe_gU10Y1cTXMc.js line 2 > eval line 668 > eval line 1 > eval line 1 > eval, line 1: WEBGL_debug_renderer_info is deprecated in Firefox and will be removed. Please use RENDERER.
JavaScript error: , line 0: TypeError: NetworkError when attempting to fetch resource.
JavaScript error: , line 0: TypeError: NetworkError when attempting to fetch resource.
JavaScript error: , line 0: TypeError: NetworkError when attempting to fetch resource.
JavaScript error: , line 0: TypeError: NetworkError when attempting to fetch resource.
JavaScript error: , line 0: TypeError: NetworkError when attempting to fetch resource.
JavaScript error: , line 0: TypeError: NetworkError when attempting to fetch resource.
JavaScript error: , line 0: TypeError: NetworkError when attempting to fetch resource.
JavaScript warning: https://pagead2.googlesyndication.com/bg/fitY9DN5Eb8XnEderF92e3R8KkCh_qe_gU10Y1cTXMc.js line 2 > eval line 6294 > eval line 1 > eval line 1 > eval, line 1: WEBGL_debug_renderer_info is deprecated in Firefox and will be removed. Please use RENDERER.
JavaScript error: , line 0: TypeError: NetworkError when attempting to fetch resource.
JavaScript warning: https://pagead2.googlesyndication.com/bg/fitY9DN5Eb8XnEderF92e3R8KkCh_qe_gU10Y1cTXMc.js line 2 > eval line 4029 > eval line 1 > eval line 1 > eval, line 1: WEBGL_debug_renderer_info is deprecated in Firefox and will be removed. Please use RENDERER.
JavaScript error: , line 0: TypeError: NetworkError when attempting to fetch resource.
JavaScript error: , line 0: TypeError: NetworkError when attempting to fetch resource.
JavaScript error: , line 0: uncaught exception: undefined
JavaScript warning: https://pagead2.googlesyndication.com/bg/fitY9DN5Eb8XnEderF92e3R8KkCh_qe_gU10Y1cTXMc.js line 2 > eval line 6007 > eval line 1 > eval line 1 > eval, line 1: WEBGL_debug_renderer_info is deprecated in Firefox and will be removed. Please use RENDERER.
JavaScript error: , line 0: TypeError: NetworkError when attempting to fetch resource.
JavaScript warning: https://pagead2.googlesyndication.com/bg/fitY9DN5Eb8XnEderF92e3R8KkCh_qe_gU10Y1cTXMc.js line 2 > eval line 6102 > eval line 1 > eval line 1 > eval, line 1: WEBGL_debug_renderer_info is deprecated in Firefox and will be removed. Please use RENDERER.
JavaScript error: , line 0: TypeError: NetworkError when attempting to fetch resource.
JavaScript error: , line 0: TypeError: NetworkError when attempting to fetch resource.
JavaScript error: , line 0: uncaught exception: undefined
JavaScript warning: https://pagead2.googlesyndication.com/bg/fitY9DN5Eb8XnEderF92e3R8KkCh_qe_gU10Y1cTXMc.js line 2 > eval line 5318 > eval line 1 > eval line 1 > eval, line 1: WEBGL_debug_renderer_info is deprecated in Firefox and will be removed. Please use RENDERER.
JavaScript error: , line 0: TypeError: NetworkError when attempting to fetch resource.
JavaScript error: , line 0: TypeError: NetworkError when attempting to fetch resource.
JavaScript warning: https://pagead2.googlesyndication.com/bg/fitY9DN5Eb8XnEderF92e3R8KkCh_qe_gU10Y1cTXMc.js line 2 > eval line 3609 > eval line 1 > eval line 1 > eval, line 1: WEBGL_debug_renderer_info is deprecated in Firefox and will be removed. Please use RENDERER.
JavaScript error: , line 0: TypeError: NetworkError when attempting to fetch resource.
JavaScript error: , line 0: uncaught exception: undefined
JavaScript warning: https://pagead2.googlesyndication.com/bg/fitY9DN5Eb8XnEderF92e3R8KkCh_qe_gU10Y1cTXMc.js line 2 > eval line 651 > eval line 1 > eval line 1 > eval, line 1: WEBGL_debug_renderer_info is deprecated in Firefox and will be removed. Please use RENDERER.
JavaScript error: , line 0: TypeError: NetworkError when attempting to fetch resource.
JavaScript error: , line 0: TypeError: NetworkError when attempting to fetch resource.
JavaScript error: , line 0: uncaught exception: undefined
JavaScript error: , line 0: uncaught exception: undefined
JavaScript warning: https://www.naukri.com/B_fQdAEGy5lSJIduKMuC/EYGiwSVX/Awo7OlkB/VVcecxwO/XQk, line 1: WEBGL_debug_renderer_info is deprecated in Firefox and will be removed. Please use RENDERER.
Gdk-Message: 19:40:30.933: firefox: Fatal IO error 11 (Resource temporarily unavailable) on X server :1.

Gdk-Message: 19:40:30.935: firefox: Fatal IO error 11 (Resource temporarily unavailable) on X server :1.

Exiting due to channel error.
Exiting due to channel error.
Exiting due to channel error.
Exiting due to channel error.
Exiting due to channel error.
Exiting due to channel error.
Exiting due to channel error.
Exiting due to channel error.
Exiting due to channel error.
Exiting due to channel error.
